Arguments: 
  C:\Program Files\nodejs\node.exe C:\Users\Alex\AppData\Roaming\npm\node_modules\yarn\bin\yarn.js init

PATH: 
  C:\Program Files\PowerShell\7;C:\Python310\Scripts\;C:\Python310\;C:\Python39\Scripts\;C:\Python39\;C:\Program Files\Common Files\Oracle\Java\javapath;C:\Program Files (x86)\Intel\Intel(R) Management Engine Components\iCLS\;C:\Program Files\Intel\Intel(R) Management Engine Components\iCLS\;C:\Windows\system32;C:\Windows;C:\Windows\System32\Wbem;C:\Windows\System32\WindowsPowerShell\v1.0\;C:\Windows\System32\OpenSSH\;C:\Program Files (x86)\Intel\Intel(R) Management Engine Components\DAL;C:\Program Files\Intel\Intel(R) Management Engine Components\DAL;C:\Program Files (x86)\Intel\Intel(R) Management Engine Components\IPT;C:\Program Files\Intel\Intel(R) Management Engine Components\IPT;C:\Program Files (x86)\NVIDIA Corporation\PhysX\Common;C:\Program Files\Intel\WiFi\bin\;C:\Program Files\Common Files\Intel\WirelessCommon\;C:\Program Files\Git\cmd;C:\WINDOWS\system32;C:\WINDOWS;C:\WINDOWS\System32\Wbem;C:\WINDOWS\System32\WindowsPowerShell\v1.0\;C:\WINDOWS\System32\OpenSSH\;C:\ProgramData\chocolatey\bin;C:\Program Files\PostgreSQL\13\bin;C:\ProgramData\chocolatey\lib\Elixir/bin;C:\Program Files\GTK3-Runtime Win64\bin;C:\Program Files\OpenJDK\openjdk-11.0.13_8\bin;C:\Users\Alex\AppData\Local\Android\Sdk\emulator;C:\Users\Alex\AppData\Local\Android\Sdk\tools;C:\Users\Alex\AppData\Local\Android\Sdk\tools\bin;C:\Users\Alex\AppData\Local\Android\Sdk\platform-tools;C:\Users\Alex\AppData\Local\Yarn\bin;;C:\WINDOWS\system32;C:\WINDOWS;C:\WINDOWS\System32\Wbem;C:\WINDOWS\System32\WindowsPowerShell\v1.0\;C:\WINDOWS\System32\OpenSSH\;C:\Program Files\Docker\Docker\resources\bin;C:\ProgramData\DockerDesktop\version-bin;C:\Program Files\PowerShell\7\;C:\Program Files\nodejs\;C:\Users\Alex\AppData\Local\Programs\Python\Python37\Scripts\;C:\Users\Alex\AppData\Local\Programs\Python\Python37\;C:\Users\Alex\AppData\Local\Microsoft\WindowsApps;C:\Program Files\heroku\bin;C:\Users\Alex\AppData\Local\GitHubDesktop\bin;C:\Users\Alex\AppData\Local\Microsoft\WindowsApps;C:\Users\Alex\AppData\Local\Programs\Microsoft VS Code\bin;C:\Program Files\JetBrains\PyCharm Community Edition 2020.2.3\bin;;C:\Program Files\PostgreSQL\13\bin;C:\Users\Alex\AppData\Local\nvs\default;C:\Users\Alex\AppData\Local\nvs\;C:\Users\Alex\AppData\Local\Android\Sdk\emulator;C:\Users\Alex\AppData\Local\Android\Sdk\tools;C:\Users\Alex\AppData\Local\Android\Sdk\tools\bin;C:\Users\Alex\AppData\Local\Android\Sdk\platform-tools;C:\Users\Alex\AppData\Local\Yarn\bin;C:\Users\Alex\AppData\Roaming\npm

Yarn version: 
  1.22.10

Node version: 
  18.12.0

Platform: 
  win32 x64

Trace: 
  Error: canceled
      at Interface.<anonymous> (C:\Users\Alex\AppData\Roaming\npm\node_modules\yarn\lib\cli.js:136216:13)
      at Interface.emit (node:events:513:28)
      at [_ttyWrite] [as _ttyWrite] (node:internal/readline/interface:1124:18)
      at ReadStream.onkeypress (node:internal/readline/interface:273:20)
      at ReadStream.emit (node:events:513:28)
      at emitKeys (node:internal/readline/utils:357:14)
      at emitKeys.next (<anonymous>)
      at ReadStream.onData (node:internal/readline/emitKeypressEvents:64:36)
      at ReadStream.emit (node:events:513:28)
      at addChunk (node:internal/streams/readable:324:12)

npm manifest: 
  No manifest

yarn manifest: 
  No manifest

Lockfile: 
  No lockfile
